[clementgermainetest.webflow.io/project-01.html]
[backblue.gif]
[fade.gif]
[index.html]
[cdn.prod.website-files.com/67829ee3c36756f3a6ecc22a/css/clementgermainetest.webflow.shared.6913aacbc.css]
[ajax.googleapis.com/ajax/libs/webfont/1.6.26/webfont.js]
[cdn.prod.website-files.com/67829ee3c36756f3a6ecc22a/679217bfdbd9617b04b9ee1a_Favicon.png]
[cdn.prod.website-files.com/67829ee3c36756f3a6ecc22a/67921943ee72c2d0506386f4_Fichier 10.png]
[clementgermainetest.webflow.io/portfollio.html]
[cdn.prod.website-files.com/67829ee3c36756f3a6ecc22a/69ba78b1dd83bc49cb45449d_FTE-MOCKUP.png]
[d3e54v103j8qbb.cloudfront.net/js/jquery-3.5.1.min.dc5e7f18c85c7f.js]
[cdn.prod.website-files.com/67829ee3c36756f3a6ecc22a/js/webflow.schunk.103e14fc78623691.js]
[cdn.prod.website-files.com/67829ee3c36756f3a6ecc22a/js/webflow.schunk.08779b17d1882f59.js]
[cdn.prod.website-files.com/67829ee3c36756f3a6ecc22a/js/webflow.schunk.e29e501eb9c817ec.js]
[cdn.prod.website-files.com/67829ee3c36756f3a6ecc22a/js/webflow.bc45bf63.6de088043235da7b.js]
[clementgermainetest.webflow.io/project-01.html]
[cdn.prod.website-files.com/67829ee3c36756f3a6ecc22a/css/clementgermainetest.webflow.shared.6913aacbc.css]
[cdn.prod.website-files.com/gsap/3.14.2/gsap.min.js]
[clementgermainetest.webflow.io/info.html]
[cdn.prod.website-files.com/67829ee3c36756f3a6ecc22a/696a3d21f0c4d94f716dd59a_Rectangle 54.png]
[cdn.prod.website-files.com/67829ee3c36756f3a6ecc22a/696a3df8a248306c3c3fd4a7_Rectangle 55.png]
[cdn.prod.website-files.com/67829ee3c36756f3a6ecc22a/696a520a701cbfa427161199_Rectangle 56.png]
[clementgermainetest.webflow.io/portfollio.html]
[cdn.prod.website-files.com/67829ee3c36756f3a6ecc22a/js/webflow.458d580d.a64747ae2f7c8732.js]
[cdn.prod.website-files.com/67829ee3c36756f3a6ecc22a/697646bf602ea48b71d7c2bd_Info_profilepic.png]
[clementgermainetest.webflow.io/info.html]
[clementgermainetest.webflow.io/_https_/cdn.prod.website-files.com/67829ee3c36756f3a6ecc22a/69baba693f4b9e0769f8b2bf_ScreenRecord_FTE_Compressed_poster.0000000.html]
